  [1m[35m (0.2ms)[0m  [1m[35mSET NAMES utf8,  @@SESSION.sql_mode = CONCAT(CONCAT(@@sql_mode, ',STRICT_ALL_TABLES'), ',NO_AUTO_VALUE_ON_ZERO'),  @@SESSION.sql_auto_is_null = 0, @@SESSION.wait_timeout = 2147483[0m
  ↳ bin/rails:9
  [1m[35m (60.5ms)[0m  [1m[35mCREATE TABLE `schema_migrations` (`version` varchar(255) NOT NULL PRIMARY KEY)[0m
  ↳ bin/rails:9
  [1m[35m (49.7ms)[0m  [1m[35mCREATE TABLE `ar_internal_metadata` (`key` varchar(255) NOT NULL PRIMARY KEY, `value` varchar(255), `created_at` datetime NOT NULL, `updated_at` datetime NOT NULL)[0m
  ↳ bin/rails:9
  [1m[35m (0.3ms)[0m  [1m[34mSELECT GET_LOCK('3224831329609623825', 0)[0m
  ↳ bin/rails:9
  [1m[35m (0.2ms)[0m  [1m[34mSELECT `schema_migrations`.`version` FROM `schema_migrations` ORDER BY `schema_migrations`.`version` ASC[0m
  ↳ bin/rails:9
Migrating to CreateShowTypes (20190611075847)
  [1m[35m (54.1ms)[0m  [1m[35mCREATE TABLE `show_types` (`id` bigint NOT NULL AUTO_INCREMENT PRIMARY KEY, `name` varchar(255), `created_at` datetime NOT NULL, `updated_at` datetime NOT NULL)[0m
  ↳ db/migrate/20190611075847_create_show_types.rb:3
  [1m[35m (0.3ms)[0m  [1m[35mBEGIN[0m
  ↳ bin/rails:9
  [1m[36mActiveRecord::SchemaMigration Create (0.4ms)[0m  [1m[32mINSERT INTO `schema_migrations` (`version`) VALUES ('20190611075847')[0m
  ↳ bin/rails:9
  [1m[35m (3.1ms)[0m  [1m[35mCOMMIT[0m
  ↳ bin/rails:9
  [1m[36mActiveRecord::InternalMetadata Load (0.6ms)[0m  [1m[34mSELECT  `ar_internal_metadata`.* FROM `ar_internal_metadata` WHERE `ar_internal_metadata`.`key` = 'environment' LIMIT 1[0m
  ↳ bin/rails:9
  [1m[35m (0.3ms)[0m  [1m[35mBEGIN[0m
  ↳ bin/rails:9
  [1m[36mActiveRecord::InternalMetadata Create (0.5ms)[0m  [1m[32mINSERT INTO `ar_internal_metadata` (`key`, `value`, `created_at`, `updated_at`) VALUES ('environment', 'development', '2019-06-11 08:00:15', '2019-06-11 08:00:15')[0m
  ↳ bin/rails:9
  [1m[35m (4.9ms)[0m  [1m[35mCOMMIT[0m
  ↳ bin/rails:9
  [1m[35m (0.3ms)[0m  [1m[34mSELECT RELEASE_LOCK('3224831329609623825')[0m
  ↳ bin/rails:9
  [1m[35m (0.4ms)[0m  [1m[34mSELECT `schema_migrations`.`version` FROM `schema_migrations` ORDER BY `schema_migrations`.`version` ASC[0m
  ↳ bin/rails:9
  [1m[35m (0.3ms)[0m  [1m[35mSET NAMES utf8,  @@SESSION.sql_mode = CONCAT(CONCAT(@@sql_mode, ',STRICT_ALL_TABLES'), ',NO_AUTO_VALUE_ON_ZERO'),  @@SESSION.sql_auto_is_null = 0, @@SESSION.wait_timeout = 2147483[0m
  ↳ bin/rails:9
  [1m[35m (0.2ms)[0m  [1m[34mSELECT GET_LOCK('3224831329609623825', 0)[0m
  ↳ bin/rails:9
  [1m[35m (0.3ms)[0m  [1m[34mSELECT `schema_migrations`.`version` FROM `schema_migrations` ORDER BY `schema_migrations`.`version` ASC[0m
  ↳ bin/rails:9
Migrating to CreateShows (20190611113036)
  [1m[35m (66.9ms)[0m  [1m[35mCREATE TABLE `shows` (`id` bigint NOT NULL AUTO_INCREMENT PRIMARY KEY, `title` varchar(255), `show_type_id` bigint, `description` varchar(255), `created_at` datetime NOT NULL, `updated_at` datetime NOT NULL,  INDEX `index_shows_on_show_type_id`  (`show_type_id`), CONSTRAINT `fk_rails_52d6e819d2`
FOREIGN KEY (`show_type_id`)
  REFERENCES `show_types` (`id`)
)[0m
  ↳ db/migrate/20190611113036_create_shows.rb:3
  [1m[35m (0.2ms)[0m  [1m[35mBEGIN[0m
  ↳ bin/rails:9
  [1m[36mActiveRecord::SchemaMigration Create (0.2ms)[0m  [1m[32mINSERT INTO `schema_migrations` (`version`) VALUES ('20190611113036')[0m
  ↳ bin/rails:9
  [1m[35m (7.6ms)[0m  [1m[35mCOMMIT[0m
  ↳ bin/rails:9
  [1m[36mActiveRecord::InternalMetadata Load (0.5ms)[0m  [1m[34mSELECT  `ar_internal_metadata`.* FROM `ar_internal_metadata` WHERE `ar_internal_metadata`.`key` = 'environment' LIMIT 1[0m
  ↳ bin/rails:9
  [1m[35m (0.2ms)[0m  [1m[35mBEGIN[0m
  ↳ bin/rails:9
  [1m[35m (0.2ms)[0m  [1m[35mCOMMIT[0m
  ↳ bin/rails:9
  [1m[35m (0.2ms)[0m  [1m[34mSELECT RELEASE_LOCK('3224831329609623825')[0m
  ↳ bin/rails:9
  [1m[35m (0.3ms)[0m  [1m[34mSELECT `schema_migrations`.`version` FROM `schema_migrations` ORDER BY `schema_migrations`.`version` ASC[0m
  ↳ bin/rails:9
  [1m[35m (0.2ms)[0m  [1m[35mSET NAMES utf8,  @@SESSION.sql_mode = CONCAT(CONCAT(@@sql_mode, ',STRICT_ALL_TABLES'), ',NO_AUTO_VALUE_ON_ZERO'),  @@SESSION.sql_auto_is_null = 0, @@SESSION.wait_timeout = 2147483[0m
  ↳ bin/rails:9
  [1m[35m (0.1ms)[0m  [1m[34mSELECT GET_LOCK('3224831329609623825', 0)[0m
  ↳ bin/rails:9
  [1m[35m (0.1ms)[0m  [1m[34mSELECT `schema_migrations`.`version` FROM `schema_migrations` ORDER BY `schema_migrations`.`version` ASC[0m
  ↳ bin/rails:9
Migrating to CreateEpisodes (20190611113445)
  [1m[35m (0.2ms)[0m  [1m[34mSELECT RELEASE_LOCK('3224831329609623825')[0m
  ↳ bin/rails:9
  [1m[35m (0.2ms)[0m  [1m[35mSET NAMES utf8,  @@SESSION.sql_mode = CONCAT(CONCAT(@@sql_mode, ',STRICT_ALL_TABLES'), ',NO_AUTO_VALUE_ON_ZERO'),  @@SESSION.sql_auto_is_null = 0, @@SESSION.wait_timeout = 2147483[0m
  ↳ bin/rails:9
  [1m[35m (0.1ms)[0m  [1m[34mSELECT GET_LOCK('3224831329609623825', 0)[0m
  ↳ bin/rails:9
  [1m[35m (0.1ms)[0m  [1m[34mSELECT `schema_migrations`.`version` FROM `schema_migrations` ORDER BY `schema_migrations`.`version` ASC[0m
  ↳ bin/rails:9
Migrating to CreateEpisodes (20190611113445)
  [1m[35m (0.1ms)[0m  [1m[34mSELECT RELEASE_LOCK('3224831329609623825')[0m
  ↳ bin/rails:9
  [1m[35m (0.2ms)[0m  [1m[35mSET NAMES utf8,  @@SESSION.sql_mode = CONCAT(CONCAT(@@sql_mode, ',STRICT_ALL_TABLES'), ',NO_AUTO_VALUE_ON_ZERO'),  @@SESSION.sql_auto_is_null = 0, @@SESSION.wait_timeout = 2147483[0m
  ↳ bin/rails:9
  [1m[35m (0.1ms)[0m  [1m[34mSELECT GET_LOCK('3224831329609623825', 0)[0m
  ↳ bin/rails:9
  [1m[35m (0.1ms)[0m  [1m[34mSELECT `schema_migrations`.`version` FROM `schema_migrations` ORDER BY `schema_migrations`.`version` ASC[0m
  ↳ bin/rails:9
Migrating to CreateEpisodes (20190611113445)
  [1m[35m (66.5ms)[0m  [1m[35mCREATE TABLE `episodes` (`id` bigint NOT NULL AUTO_INCREMENT PRIMARY KEY, `title` varchar(255), `season` int, `number` int, `show_id` bigint, `length` time, `description` varchar(255), `created_at` datetime NOT NULL, `updated_at` datetime NOT NULL,  INDEX `index_episodes_on_show_id`  (`show_id`))[0m
  ↳ db/migrate/20190611113445_create_episodes.rb:3
  [1m[35m (0.3ms)[0m  [1m[35mBEGIN[0m
  ↳ bin/rails:9
  [1m[36mActiveRecord::SchemaMigration Create (0.4ms)[0m  [1m[32mINSERT INTO `schema_migrations` (`version`) VALUES ('20190611113445')[0m
  ↳ bin/rails:9
  [1m[35m (13.3ms)[0m  [1m[35mCOMMIT[0m
  ↳ bin/rails:9
  [1m[36mActiveRecord::InternalMetadata Load (0.4ms)[0m  [1m[34mSELECT  `ar_internal_metadata`.* FROM `ar_internal_metadata` WHERE `ar_internal_metadata`.`key` = 'environment' LIMIT 1[0m
  ↳ bin/rails:9
  [1m[35m (0.3ms)[0m  [1m[35mBEGIN[0m
  ↳ bin/rails:9
  [1m[35m (0.2ms)[0m  [1m[35mCOMMIT[0m
  ↳ bin/rails:9
  [1m[35m (0.3ms)[0m  [1m[34mSELECT RELEASE_LOCK('3224831329609623825')[0m
  ↳ bin/rails:9
  [1m[35m (0.5ms)[0m  [1m[34mSELECT `schema_migrations`.`version` FROM `schema_migrations` ORDER BY `schema_migrations`.`version` ASC[0m
  ↳ bin/rails:9
  [1m[35m (0.2ms)[0m  [1m[35mSET NAMES utf8,  @@SESSION.sql_mode = CONCAT(CONCAT(@@sql_mode, ',STRICT_ALL_TABLES'), ',NO_AUTO_VALUE_ON_ZERO'),  @@SESSION.sql_auto_is_null = 0, @@SESSION.wait_timeout = 2147483[0m
  ↳ bin/rails:9
  [1m[35m (0.1ms)[0m  [1m[34mSELECT GET_LOCK('3224831329609623825', 0)[0m
  ↳ bin/rails:9
  [1m[35m (0.1ms)[0m  [1m[34mSELECT `schema_migrations`.`version` FROM `schema_migrations` ORDER BY `schema_migrations`.`version` ASC[0m
  ↳ bin/rails:9
Migrating to CreateChannels (20190611113722)
  [1m[35m (59.6ms)[0m  [1m[35mCREATE TABLE `channels` (`id` bigint NOT NULL AUTO_INCREMENT PRIMARY KEY, `name` varchar(255), `created_at` datetime NOT NULL, `updated_at` datetime NOT NULL)[0m
  ↳ db/migrate/20190611113722_create_channels.rb:3
  [1m[35m (0.2ms)[0m  [1m[35mBEGIN[0m
  ↳ bin/rails:9
  [1m[36mActiveRecord::SchemaMigration Create (0.3ms)[0m  [1m[32mINSERT INTO `schema_migrations` (`version`) VALUES ('20190611113722')[0m
  ↳ bin/rails:9
  [1m[35m (4.7ms)[0m  [1m[35mCOMMIT[0m
  ↳ bin/rails:9
  [1m[36mActiveRecord::InternalMetadata Load (0.4ms)[0m  [1m[34mSELECT  `ar_internal_metadata`.* FROM `ar_internal_metadata` WHERE `ar_internal_metadata`.`key` = 'environment' LIMIT 1[0m
  ↳ bin/rails:9
  [1m[35m (0.3ms)[0m  [1m[35mBEGIN[0m
  ↳ bin/rails:9
  [1m[35m (0.2ms)[0m  [1m[35mCOMMIT[0m
  ↳ bin/rails:9
  [1m[35m (0.2ms)[0m  [1m[34mSELECT RELEASE_LOCK('3224831329609623825')[0m
  ↳ bin/rails:9
  [1m[35m (0.2ms)[0m  [1m[34mSELECT `schema_migrations`.`version` FROM `schema_migrations` ORDER BY `schema_migrations`.`version` ASC[0m
  ↳ bin/rails:9
  [1m[35m (0.2ms)[0m  [1m[35mSET NAMES utf8,  @@SESSION.sql_mode = CONCAT(CONCAT(@@sql_mode, ',STRICT_ALL_TABLES'), ',NO_AUTO_VALUE_ON_ZERO'),  @@SESSION.sql_auto_is_null = 0, @@SESSION.wait_timeout = 2147483[0m
  ↳ bin/rails:9
  [1m[35m (0.2ms)[0m  [1m[34mSELECT GET_LOCK('3224831329609623825', 0)[0m
  ↳ bin/rails:9
  [1m[35m (0.2ms)[0m  [1m[34mSELECT `schema_migrations`.`version` FROM `schema_migrations` ORDER BY `schema_migrations`.`version` ASC[0m
  ↳ bin/rails:9
Migrating to CreateProgramms (20190611124707)
  [1m[35m (71.0ms)[0m  [1m[35mCREATE TABLE `programms` (`id` bigint NOT NULL AUTO_INCREMENT PRIMARY KEY, `channel_id` bigint, `episode_id` bigint, `timeslot` time, `date` date, `created_at` datetime NOT NULL, `updated_at` datetime NOT NULL,  INDEX `index_programms_on_channel_id`  (`channel_id`),  INDEX `index_programms_on_episode_id`  (`episode_id`), CONSTRAINT `fk_rails_f8f21dbf39`
FOREIGN KEY (`channel_id`)
  REFERENCES `channels` (`id`)
, CONSTRAINT `fk_rails_861b69572f`
FOREIGN KEY (`episode_id`)
  REFERENCES `episodes` (`id`)
)[0m
  ↳ db/migrate/20190611124707_create_programms.rb:3
  [1m[35m (0.2ms)[0m  [1m[35mBEGIN[0m
  ↳ bin/rails:9
  [1m[36mActiveRecord::SchemaMigration Create (0.3ms)[0m  [1m[32mINSERT INTO `schema_migrations` (`version`) VALUES ('20190611124707')[0m
  ↳ bin/rails:9
  [1m[35m (11.0ms)[0m  [1m[35mCOMMIT[0m
  ↳ bin/rails:9
  [1m[36mActiveRecord::InternalMetadata Load (0.3ms)[0m  [1m[34mSELECT  `ar_internal_metadata`.* FROM `ar_internal_metadata` WHERE `ar_internal_metadata`.`key` = 'environment' LIMIT 1[0m
  ↳ bin/rails:9
  [1m[35m (0.3ms)[0m  [1m[35mBEGIN[0m
  ↳ bin/rails:9
  [1m[35m (0.2ms)[0m  [1m[35mCOMMIT[0m
  ↳ bin/rails:9
  [1m[35m (0.2ms)[0m  [1m[34mSELECT RELEASE_LOCK('3224831329609623825')[0m
  ↳ bin/rails:9
  [1m[35m (0.3ms)[0m  [1m[34mSELECT `schema_migrations`.`version` FROM `schema_migrations` ORDER BY `schema_migrations`.`version` ASC[0m
  ↳ bin/rails:9
  [1m[35m (0.6ms)[0m  [1m[35mSET NAMES utf8,  @@SESSION.sql_mode = CONCAT(CONCAT(@@sql_mode, ',STRICT_ALL_TABLES'), ',NO_AUTO_VALUE_ON_ZERO'),  @@SESSION.sql_auto_is_null = 0, @@SESSION.wait_timeout = 2147483[0m
  [1m[35m (0.5ms)[0m  [1m[35mSET NAMES utf8,  @@SESSION.sql_mode = CONCAT(CONCAT(@@sql_mode, ',STRICT_ALL_TABLES'), ',NO_AUTO_VALUE_ON_ZERO'),  @@SESSION.sql_auto_is_null = 0, @@SESSION.wait_timeout = 2147483[0m
  [1m[35m (0.1ms)[0m  [1m[35mBEGIN[0m
  [1m[36mShowType Create (0.2ms)[0m  [1m[32mINSERT INTO `show_types` (`name`, `created_at`, `updated_at`) VALUES ('News', '2019-06-11 13:13:09', '2019-06-11 13:13:09')[0m
  [1m[35m (8.9ms)[0m  [1m[35mCOMMIT[0m
  [1m[35m (0.1ms)[0m  [1m[35mBEGIN[0m
  [1m[36mShowType Create (0.2ms)[0m  [1m[32mINSERT INTO `show_types` (`name`, `created_at`, `updated_at`) VALUES ('Documentary', '2019-06-11 13:13:09', '2019-06-11 13:13:09')[0m
  [1m[35m (14.0ms)[0m  [1m[35mCOMMIT[0m
  [1m[35m (0.1ms)[0m  [1m[35mBEGIN[0m
  [1m[36mShowType Create (0.2ms)[0m  [1m[32mINSERT INTO `show_types` (`name`, `created_at`, `updated_at`) VALUES ('Gameshow', '2019-06-11 13:13:09', '2019-06-11 13:13:09')[0m
  [1m[35m (14.6ms)[0m  [1m[35mCOMMIT[0m
  [1m[35m (0.1ms)[0m  [1m[35mBEGIN[0m
  [1m[36mShowType Create (0.2ms)[0m  [1m[32mINSERT INTO `show_types` (`name`, `created_at`, `updated_at`) VALUES ('Series', '2019-06-11 13:13:09', '2019-06-11 13:13:09')[0m
  [1m[35m (7.1ms)[0m  [1m[35mCOMMIT[0m
  [1m[35m (0.1ms)[0m  [1m[35mBEGIN[0m
  [1m[36mShowType Load (0.3ms)[0m  [1m[34mSELECT  `show_types`.* FROM `show_types` WHERE `show_types`.`id` = 1 LIMIT 1[0m
  [1m[36mShow Create (0.2ms)[0m  [1m[32mINSERT INTO `shows` (`title`, `show_type_id`, `description`, `created_at`, `updated_at`) VALUES ('Tagesschau', 1, 'Brings the news of the day', '2019-06-11 13:13:26', '2019-06-11 13:13:26')[0m
  [1m[35m (8.0ms)[0m  [1m[35mCOMMIT[0m
  [1m[35m (0.1ms)[0m  [1m[35mBEGIN[0m
  [1m[36mShowType Load (0.3ms)[0m  [1m[34mSELECT  `show_types`.* FROM `show_types` WHERE `show_types`.`id` = 2 LIMIT 1[0m
  [1m[36mShow Create (0.2ms)[0m  [1m[32mINSERT INTO `shows` (`title`, `show_type_id`, `description`, `created_at`, `updated_at`) VALUES ('Nature is scary', 2, 'A Nature Documentary, about how nature is a very scary place', '2019-06-11 13:13:26', '2019-06-11 13:13:26')[0m
  [1m[35m (14.7ms)[0m  [1m[35mCOMMIT[0m
  [1m[35m (0.2ms)[0m  [1m[35mBEGIN[0m
  [1m[36mShowType Load (0.2ms)[0m  [1m[34mSELECT  `show_types`.* FROM `show_types` WHERE `show_types`.`id` = 3 LIMIT 1[0m
  [1m[36mShow Create (6.4ms)[0m  [1m[32mINSERT INTO `shows` (`title`, `show_type_id`, `description`, `created_at`, `updated_at`) VALUES ('The price is right', 3, 'Guess the Price and win big!', '2019-06-11 13:13:26', '2019-06-11 13:13:26')[0m
  [1m[35m (6.5ms)[0m  [1m[35mCOMMIT[0m
  [1m[35m (0.3ms)[0m  [1m[35mBEGIN[0m
  [1m[36mShowType Load (0.5ms)[0m  [1m[34mSELECT  `show_types`.* FROM `show_types` WHERE `show_types`.`id` = 4 LIMIT 1[0m
  [1m[36mShow Create (0.4ms)[0m  [1m[32mINSERT INTO `shows` (`title`, `show_type_id`, `description`, `created_at`, `updated_at`) VALUES ('Game of Thrones', 4, 'Travel to the fictional continent of Westeros, where powerful families are at war for the Iron Throne', '2019-06-11 13:14:23', '2019-06-11 13:14:23')[0m
  [1m[35m (15.3ms)[0m  [1m[35mCOMMIT[0m
  [1m[35m (0.3ms)[0m  [1m[35mBEGIN[0m
  [1m[36mShow Load (0.6ms)[0m  [1m[34mSELECT  `shows`.* FROM `shows` WHERE `shows`.`id` = 1 LIMIT 1[0m
  [1m[36mEpisode Create (0.5ms)[0m  [1m[32mINSERT INTO `episodes` (`title`, `season`, `number`, `show_id`, `length`, `description`, `created_at`, `updated_at`) VALUES ('Tagesschau 10.6.2019', 40, 161, 1, '00:20:00', 'News of the day', '2019-06-11 13:16:09', '2019-06-11 13:16:09')[0m
  [1m[35m (7.3ms)[0m  [1m[35mCOMMIT[0m
  [1m[35m (0.3ms)[0m  [1m[35mBEGIN[0m
  [1m[36mShow Load (0.5ms)[0m  [1m[34mSELECT  `shows`.* FROM `shows` WHERE `shows`.`id` = 1 LIMIT 1[0m
  [1m[36mEpisode Create (0.5ms)[0m  [1m[32mINSERT INTO `episodes` (`title`, `season`, `number`, `show_id`, `length`, `description`, `created_at`, `updated_at`) VALUES ('Tagesschau 11.6.2019', 40, 162, 1, '00:20:00', 'News of the day', '2019-06-11 13:16:09', '2019-06-11 13:16:09')[0m
  [1m[35m (12.3ms)[0m  [1m[35mCOMMIT[0m
  [1m[35m (0.3ms)[0m  [1m[35mBEGIN[0m
  [1m[36mShow Load (0.5ms)[0m  [1m[34mSELECT  `shows`.* FROM `shows` WHERE `shows`.`id` = 1 LIMIT 1[0m
  [1m[36mEpisode Create (0.6ms)[0m  [1m[32mINSERT INTO `episodes` (`title`, `season`, `number`, `show_id`, `length`, `description`, `created_at`, `updated_at`) VALUES ('Tagesschau 12.6.2019', 40, 163, 1, '00:20:00', 'News of the day', '2019-06-11 13:16:09', '2019-06-11 13:16:09')[0m
  [1m[35m (9.6ms)[0m  [1m[35mCOMMIT[0m
  [1m[35m (0.5ms)[0m  [1m[35mSET NAMES utf8,  @@SESSION.sql_mode = CONCAT(CONCAT(@@sql_mode, ',STRICT_ALL_TABLES'), ',NO_AUTO_VALUE_ON_ZERO'),  @@SESSION.sql_auto_is_null = 0, @@SESSION.wait_timeout = 2147483[0m
  [1m[36mShow Load (0.2ms)[0m  [1m[34mSELECT  `shows`.* FROM `shows` ORDER BY `shows`.`id` DESC LIMIT 1[0m
  [1m[36mShow Load (0.6ms)[0m  [1m[34mSELECT  `shows`.* FROM `shows` ORDER BY `shows`.`id` ASC LIMIT 1 OFFSET 1[0m
  [1m[36mShow Load (0.6ms)[0m  [1m[34mSELECT  `shows`.* FROM `shows` ORDER BY `shows`.`id` ASC LIMIT 1 OFFSET 2[0m
  [1m[36mShow Load (0.6ms)[0m  [1m[34mSELECT  `shows`.* FROM `shows` ORDER BY `shows`.`id` ASC LIMIT 1 OFFSET 3[0m
